0 info it worked if it ends with ok
1 verbose cli [ 'C:\\Program Files\\nodejs\\node.exe',
1 verbose cli   'C:\\Program Files\\nodejs\\node_modules\\npm\\bin\\npm-cli.js',
1 verbose cli   'run',
1 verbose cli   'test' ]
2 info using npm@4.1.2
3 info using node@v7.7.1
4 verbose run-script [ 'pretest', 'test', 'posttest' ]
5 info lifecycle livecount.pro@0.1.0~pretest: livecount.pro@0.1.0
6 silly lifecycle livecount.pro@0.1.0~pretest: no script for pretest, continuing
7 info lifecycle livecount.pro@0.1.0~test: livecount.pro@0.1.0
8 verbose lifecycle livecount.pro@0.1.0~test: unsafe-perm in lifecycle true
9 verbose lifecycle livecount.pro@0.1.0~test: PATH: C:\Program Files\nodejs\node_modules\npm\bin\node-gyp-bin;D:\MEGA\livecount.pro\node_modules\.bin;C:\Program Files (x86)\NVIDIA Corporation\PhysX\Common;C:\Windows\system32;C:\Windows;C:\Windows\System32\Wbem;C:\Windows\System32\WindowsPowerShell\v1.0\;C:\ProgramData\chocolatey\bin;C:\Program Files\Git\cmd;C:\Program Files\nodejs\;C:\tools\go\bin;;C:\Program Files (x86)\GNU\GnuPG\pub;C:\Users\Henry\scoop\shims;C:\Users\Henry\AppData\Local\Microsoft\WindowsApps;C:\Users\Henry\AppData\Roaming\npm;C:\Users\Henry\AppData\Local\atom\bin;C:\Program Files (x86)\EaseUS\Todo Backup\bin\x64\
10 verbose lifecycle livecount.pro@0.1.0~test: CWD: D:\MEGA\livecount.pro
11 silly lifecycle livecount.pro@0.1.0~test: Args: [ '/d /s /c',
11 silly lifecycle   'eslint --format=node_modules/eslint-formatter-pretty app' ]
12 silly lifecycle livecount.pro@0.1.0~test: Returned: code: 1  signal: null
13 info lifecycle livecount.pro@0.1.0~test: Failed to exec test script
14 verbose stack Error: livecount.pro@0.1.0 test: `eslint --format=node_modules/eslint-formatter-pretty app`
14 verbose stack Exit status 1
14 verbose stack     at EventEmitter.<anonymous> (C:\Program Files\nodejs\node_modules\npm\lib\utils\lifecycle.js:279:16)
14 verbose stack     at emitTwo (events.js:106:13)
14 verbose stack     at EventEmitter.emit (events.js:194:7)
14 verbose stack     at ChildProcess.<anonymous> (C:\Program Files\nodejs\node_modules\npm\lib\utils\spawn.js:40:14)
14 verbose stack     at emitTwo (events.js:106:13)
14 verbose stack     at ChildProcess.emit (events.js:194:7)
14 verbose stack     at maybeClose (internal/child_process.js:899:16)
14 verbose stack     at Process.ChildProcess._handle.onexit (internal/child_process.js:226:5)
15 verbose pkgid livecount.pro@0.1.0
16 verbose cwd D:\MEGA\livecount.pro
17 error Windows_NT 10.0.15042
18 error argv "C:\\Program Files\\nodejs\\node.exe" "C:\\Program Files\\nodejs\\node_modules\\npm\\bin\\npm-cli.js" "run" "test"
19 error node v7.7.1
20 error npm  v4.1.2
21 error code ELIFECYCLE
22 error livecount.pro@0.1.0 test: `eslint --format=node_modules/eslint-formatter-pretty app`
22 error Exit status 1
23 error Failed at the livecount.pro@0.1.0 test script 'eslint --format=node_modules/eslint-formatter-pretty app'.
23 error Make sure you have the latest version of node.js and npm installed.
23 error If you do, this is most likely a problem with the livecount.pro package,
23 error not with npm itself.
23 error Tell the author that this fails on your system:
23 error     eslint --format=node_modules/eslint-formatter-pretty app
23 error You can get information on how to open an issue for this project with:
23 error     npm bugs livecount.pro
23 error Or if that isn't available, you can get their info via:
23 error     npm owner ls livecount.pro
23 error There is likely additional logging output above.
24 verbose exit [ 1, true ]
